

Microchip MPLAB XC8 Assembler V2.10 build 88905656 
                                                                                               Sun Jan 26 01:21:39 2020

Microchip MPLAB XC8 C Compiler v2.10 (Free license) build 20190730164152 Og1 
     1                           	processor	16F887
     2                           	opt	pw 120
     3                           	opt	flic
     4                           	psect	idataCOMMON,global,class=CODE,delta=2
     5                           	psect	idataBANK0,global,class=CODE,delta=2
     6                           	psect	cinit,global,class=CODE,merge=1,delta=2
     7                           	psect	bssCOMMON,global,class=COMMON,space=1,delta=1
     8                           	psect	dataCOMMON,global,class=COMMON,space=1,delta=1
     9                           	psect	dataBANK0,global,class=BANK0,space=1,delta=1
    10                           	psect	inittext,global,class=CODE,delta=2
    11                           	psect	cstackCOMMON,global,class=COMMON,space=1,delta=1
    12                           	psect	maintext,global,class=CODE,split=1,delta=2
    13                           	psect	text1,local,class=CODE,merge=1,delta=2
    14                           	dabs	1,0x7E,2
    15  0000                     
    16                           ; Version 2.10
    17                           ; Generated 31/07/2019 GMT
    18                           ; 
    19                           ; Copyright © 2019, Microchip Technology Inc. and its subsidiaries ("Microchip")
    20                           ; All rights reserved.
    21                           ; 
    22                           ; This software is developed by Microchip Technology Inc. and its subsidiaries ("Microch
      +                          ip").
    23                           ; 
    24                           ; Redistribution and use in source and binary forms, with or without modification, are
    25                           ; permitted provided that the following conditions are met:
    26                           ; 
    27                           ;     1. Redistributions of source code must retain the above copyright notice, this lis
      +                          t of
    28                           ;        conditions and the following disclaimer.
    29                           ; 
    30                           ;     2. Redistributions in binary form must reproduce the above copyright notice, this 
      +                          list
    31                           ;        of conditions and the following disclaimer in the documentation and/or other
    32                           ;        materials provided with the distribution.
    33                           ; 
    34                           ;     3. Microchip's name may not be used to endorse or promote products derived from th
      +                          is
    35                           ;        software without specific prior written permission.
    36                           ; 
    37                           ; THIS SOFTWARE IS PROVIDED BY MICROCHIP "AS IS" AND ANY EXPRESS OR IMPLIED WARRANTIES,
    38                           ; INCLUDING, BUT NOT LIMITED TO, THE IMPLIED WARRANTIES OF MERCHANTABILITY AND FITNESS F
      +                          OR
    39                           ; PURPOSE ARE DISCLAIMED.  IN NO EVENT SHALL MICROCHIP BE LIABLE FOR ANY DIRECT, INDIREC
      +                          T,
    40                           ; INCIDENTAL, SPECIAL, EXEMPLARY, OR CONSEQUENTIAL DAMAGES (INCLUDING BUT NOT LIMITED TO
    41                           ; PROCUREMENT OF SUBSTITUTE GOODS OR SERVICES; LOSS OF USE, DATA OR PROFITS; OR BUSINESS
    42                           ; INTERRUPTION) HOWSOEVER CAUSED AND ON ANY THEORY OF LIABILITY, WHETHER IN CONTRACT, ST
      +                          RICT
    43                           ; LIABILITY, OR TORT (INCLUDING NEGLIGENCE OR OTHERWISE) ARISING IN ANY WAY OUT OF THE U
      +                          SE OF
    44                           ; THIS SOFTWARE, EVEN IF ADVISED OF THE POSSIBILITY OF SUCH DAMAGE.
    45                           ; 
    46                           ; 
    47                           ; Code-generator required, PIC16F887 Definitions
    48                           ; 
    49                           ; SFR Addresses
    50  0000                     	;# 
    51  0001                     	;# 
    52  0002                     	;# 
    53  0003                     	;# 
    54  0004                     	;# 
    55  0005                     	;# 
    56  0006                     	;# 
    57  0007                     	;# 
    58  0008                     	;# 
    59  0009                     	;# 
    60  000A                     	;# 
    61  000B                     	;# 
    62  000C                     	;# 
    63  000D                     	;# 
    64  000E                     	;# 
    65  000E                     	;# 
    66  000F                     	;# 
    67  0010                     	;# 
    68  0011                     	;# 
    69  0012                     	;# 
    70  0013                     	;# 
    71  0014                     	;# 
    72  0015                     	;# 
    73  0015                     	;# 
    74  0016                     	;# 
    75  0017                     	;# 
    76  0018                     	;# 
    77  0019                     	;# 
    78  001A                     	;# 
    79  001B                     	;# 
    80  001B                     	;# 
    81  001C                     	;# 
    82  001D                     	;# 
    83  001E                     	;# 
    84  001F                     	;# 
    85  0081                     	;# 
    86  0085                     	;# 
    87  0086                     	;# 
    88  0087                     	;# 
    89  0088                     	;# 
    90  0089                     	;# 
    91  008C                     	;# 
    92  008D                     	;# 
    93  008E                     	;# 
    94  008F                     	;# 
    95  0090                     	;# 
    96  0091                     	;# 
    97  0092                     	;# 
    98  0093                     	;# 
    99  0093                     	;# 
   100  0093                     	;# 
   101  0094                     	;# 
   102  0095                     	;# 
   103  0096                     	;# 
   104  0097                     	;# 
   105  0098                     	;# 
   106  0099                     	;# 
   107  009A                     	;# 
   108  009B                     	;# 
   109  009C                     	;# 
   110  009D                     	;# 
   111  009E                     	;# 
   112  009F                     	;# 
   113  0105                     	;# 
   114  0107                     	;# 
   115  0108                     	;# 
   116  0109                     	;# 
   117  010C                     	;# 
   118  010C                     	;# 
   119  010D                     	;# 
   120  010E                     	;# 
   121  010F                     	;# 
   122  0185                     	;# 
   123  0187                     	;# 
   124  0188                     	;# 
   125  0189                     	;# 
   126  018C                     	;# 
   127  018D                     	;# 
   128  0000                     	;# 
   129  0001                     	;# 
   130  0002                     	;# 
   131  0003                     	;# 
   132  0004                     	;# 
   133  0005                     	;# 
   134  0006                     	;# 
   135  0007                     	;# 
   136  0008                     	;# 
   137  0009                     	;# 
   138  000A                     	;# 
   139  000B                     	;# 
   140  000C                     	;# 
   141  000D                     	;# 
   142  000E                     	;# 
   143  000E                     	;# 
   144  000F                     	;# 
   145  0010                     	;# 
   146  0011                     	;# 
   147  0012                     	;# 
   148  0013                     	;# 
   149  0014                     	;# 
   150  0015                     	;# 
   151  0015                     	;# 
   152  0016                     	;# 
   153  0017                     	;# 
   154  0018                     	;# 
   155  0019                     	;# 
   156  001A                     	;# 
   157  001B                     	;# 
   158  001B                     	;# 
   159  001C                     	;# 
   160  001D                     	;# 
   161  001E                     	;# 
   162  001F                     	;# 
   163  0081                     	;# 
   164  0085                     	;# 
   165  0086                     	;# 
   166  0087                     	;# 
   167  0088                     	;# 
   168  0089                     	;# 
   169  008C                     	;# 
   170  008D                     	;# 
   171  008E                     	;# 
   172  008F                     	;# 
   173  0090                     	;# 
   174  0091                     	;# 
   175  0092                     	;# 
   176  0093                     	;# 
   177  0093                     	;# 
   178  0093                     	;# 
   179  0094                     	;# 
   180  0095                     	;# 
   181  0096                     	;# 
   182  0097                     	;# 
   183  0098                     	;# 
   184  0099                     	;# 
   185  009A                     	;# 
   186  009B                     	;# 
   187  009C                     	;# 
   188  009D                     	;# 
   189  009E                     	;# 
   190  009F                     	;# 
   191  0105                     	;# 
   192  0107                     	;# 
   193  0108                     	;# 
   194  0109                     	;# 
   195  010C                     	;# 
   196  010C                     	;# 
   197  010D                     	;# 
   198  010E                     	;# 
   199  010F                     	;# 
   200  0185                     	;# 
   201  0187                     	;# 
   202  0188                     	;# 
   203  0189                     	;# 
   204  018C                     	;# 
   205  018D                     	;# 
   206                           
   207                           	psect	idataCOMMON
   208  06A6                     __pidataCOMMON:	
   209                           
   210                           ;initializer for _SEGMENTOS
   211  06A6  343F               	retlw	63
   212  06A7  3406               	retlw	6
   213  06A8  345B               	retlw	91
   214  06A9  344F               	retlw	79
   215                           
   216                           ;initializer for _i
   217  06AA  3403               	retlw	3
   218                           
   219                           ;initializer for _EJ2
   220  06AB  3401               	retlw	1
   221                           
   222                           	psect	idataBANK0
   223  06AC                     __pidataBANK0:	
   224                           
   225                           ;initializer for _jugador2
   226  06AC  3401               	retlw	1
   227  06AD  3402               	retlw	2
   228  06AE  3404               	retlw	4
   229  06AF  3408               	retlw	8
   230  06B0  3410               	retlw	16
   231  06B1  3420               	retlw	32
   232  06B2  3440               	retlw	64
   233  06B3  3480               	retlw	128
   234                           
   235                           ;initializer for _jugador1
   236  06B4  3401               	retlw	1
   237  06B5  3402               	retlw	2
   238  06B6  3404               	retlw	4
   239  06B7  3408               	retlw	8
   240  06B8  3410               	retlw	16
   241  06B9  3420               	retlw	32
   242  06BA  3440               	retlw	64
   243  06BB  3480               	retlw	128
   244  0009                     _PORTEbits	set	9
   245  0008                     _PORTDbits	set	8
   246  0006                     _PORTB	set	6
   247  0005                     _PORTA	set	5
   248  0007                     _PORTC	set	7
   249  0086                     _TRISB	set	134
   250  0089                     _TRISEbits	set	137
   251  0085                     _TRISA	set	133
   252  0088                     _TRISDbits	set	136
   253  0087                     _TRISC	set	135
   254  008F                     _OSCCON	set	143
   255  0188                     _ANSEL	set	392
   256  0189                     _ANSELH	set	393
   257                           
   258                           ; #config settings
   259  0000                     
   260                           	psect	cinit
   261  07C6                     start_initialization:	
   262  07C6                     __initialization:	
   263                           
   264                           ; Initialize objects allocated to BANK0
   265  07C6  1383               	bcf	3,7	;select IRP bank0
   266  07C7  3030               	movlw	low (__pdataBANK0+16)
   267  07C8  00FD               	movwf	btemp+-1
   268  07C9  3006               	movlw	high __pidataBANK0
   269  07CA  00FE               	movwf	btemp
   270  07CB  30AC               	movlw	low __pidataBANK0
   271  07CC  00FF               	movwf	btemp+1
   272  07CD  3020               	movlw	low __pdataBANK0
   273  07CE  0084               	movwf	4
   274  07CF  120A  118A  26C0  120A  118A  	fcall	init_ram0
   275                           
   276                           ; Initialize objects allocated to COMMON
   277  07D4  120A  118A  26A6  120A  118A  	fcall	__pidataCOMMON	;fetch initializer
   278  07D9  00F0               	movwf	__pdataCOMMON& (0+127)
   279  07DA  120A  118A  26A7  120A  118A  	fcall	__pidataCOMMON+1	;fetch initializer
   280  07DF  00F1               	movwf	(__pdataCOMMON+1)& (0+127)
   281  07E0  120A  118A  26A8  120A  118A  	fcall	__pidataCOMMON+2	;fetch initializer
   282  07E5  00F2               	movwf	(__pdataCOMMON+2)& (0+127)
   283  07E6  120A  118A  26A9  120A  118A  	fcall	__pidataCOMMON+3	;fetch initializer
   284  07EB  00F3               	movwf	(__pdataCOMMON+3)& (0+127)
   285  07EC  120A  118A  26AA  120A  118A  	fcall	__pidataCOMMON+4	;fetch initializer
   286  07F1  00F4               	movwf	(__pdataCOMMON+4)& (0+127)
   287  07F2  120A  118A  26AB  120A  118A  	fcall	__pidataCOMMON+5	;fetch initializer
   288  07F7  00F5               	movwf	(__pdataCOMMON+5)& (0+127)
   289                           
   290                           ; Clear objects allocated to COMMON
   291  07F8  01F6               	clrf	__pbssCOMMON& (0+127)
   292  07F9  01F7               	clrf	(__pbssCOMMON+1)& (0+127)
   293  07FA  01F8               	clrf	(__pbssCOMMON+2)& (0+127)
   294  07FB  01F9               	clrf	(__pbssCOMMON+3)& (0+127)
   295  07FC                     end_of_initialization:	
   296                           ;End of C runtime variable initialization code
   297                           
   298  07FC                     __end_of__initialization:	
   299  07FC  0183               	clrf	3
   300  07FD  120A  118A  2F3B   	ljmp	_main	;jump to C main() function
   301                           
   302                           	psect	bssCOMMON
   303  0076                     __pbssCOMMON:	
   304  0076                     _y:	
   305  0076                     	ds	1
   306  0077                     _x:	
   307  0077                     	ds	1
   308  0078                     _EJ1:	
   309  0078                     	ds	1
   310  0079                     _Estado:	
   311  0079                     	ds	1
   312                           
   313                           	psect	dataCOMMON
   314  0070                     __pdataCOMMON:	
   315  0070                     _SEGMENTOS:	
   316  0070                     	ds	4
   317  0074                     _i:	
   318  0074                     	ds	1
   319  0075                     _EJ2:	
   320  0075                     	ds	1
   321                           
   322                           	psect	dataBANK0
   323  0020                     __pdataBANK0:	
   324  0020                     _jugador2:	
   325  0020                     	ds	8
   326  0028                     _jugador1:	
   327  0028                     	ds	8
   328                           
   329                           	psect	inittext
   330  06BC                     init_fetch0:	
   331                           ;	Called with low address in FSR and high address in W
   332                           
   333  06BC  087E               	movf	btemp,w
   334  06BD  008A               	movwf	10
   335  06BE  087F               	movf	btemp+1,w
   336  06BF  0082               	movwf	2
   337  06C0                     init_ram0:	
   338                           ;Called with:
   339                           ;	high address of idata address in btemp 
   340                           ;	low address of idata address in btemp+1 
   341                           ;	low address of data in FSR
   342                           ;	high address + 1 of data in btemp-1
   343                           
   344  06C0  120A  118A  26BC  120A  118A  	fcall	init_fetch0
   345  06C5  0080               	movwf	0
   346  06C6  0A84               	incf	4,f
   347  06C7  0804               	movf	4,w
   348  06C8  067D               	xorwf	btemp+-1,w
   349  06C9  1903               	btfsc	3,2
   350  06CA  3400               	retlw	0
   351  06CB  0AFF               	incf	btemp+1,f
   352  06CC  1903               	btfsc	3,2
   353  06CD  0AFE               	incf	btemp,f
   354  06CE  2EC0               	goto	init_ram0
   355                           
   356                           	psect	cstackCOMMON
   357  007A                     __pcstackCOMMON:	
   358  007A                     ?_JUEGO:	
   359  007A                     ??_JUEGO:	
   360                           ; 1 bytes @ 0x0
   361                           
   362  007A                     ?_main:	
   363                           ; 1 bytes @ 0x0
   364                           
   365                           
   366                           ; 1 bytes @ 0x0
   367  007A                     	ds	1
   368  007B                     ??_main:	
   369                           
   370                           ; 1 bytes @ 0x1
   371  007B                     	ds	2
   372                           
   373                           	psect	maintext
   374  073B                     __pmaintext:	
   375 ;;
   376 ;;Main: autosize = 0, tempsize = 2, incstack = 0, save=0
   377 ;;
   378 ;; *************** function _main *****************
   379 ;; Defined at:
   380 ;;		line 53 in file "Lab1.c"
   381 ;; Parameters:    Size  Location     Type
   382 ;;		None
   383 ;; Auto vars:     Size  Location     Type
   384 ;;		None
   385 ;; Return value:  Size  Location     Type
   386 ;;                  1    wreg      void 
   387 ;; Registers used:
   388 ;;		wreg, fsr0l, fsr0h, status,2, status,0, pclath, cstack
   389 ;; Tracked objects:
   390 ;;		On entry : B00/0
   391 ;;		On exit  : 0/0
   392 ;;		Unchanged: 0/0
   393 ;; Data sizes:     COMMON   BANK0   BANK1   BANK3   BANK2
   394 ;;      Params:         0       0       0       0       0
   395 ;;      Locals:         0       0       0       0       0
   396 ;;      Temps:          2       0       0       0       0
   397 ;;      Totals:         2       0       0       0       0
   398 ;;Total ram usage:        2 bytes
   399 ;; Hardware stack levels required when called:    1
   400 ;; This function calls:
   401 ;;		_JUEGO
   402 ;; This function is called by:
   403 ;;		Startup code after reset
   404 ;; This function uses a non-reentrant model
   405 ;;
   406                           
   407                           
   408                           ;psect for function _main
   409  073B                     _main:	
   410  073B                     l890:	
   411                           ;incstack = 0
   412                           ; Regs used in _main: [wreg-fsr0h+status,2+status,0+pclath+cstack]
   413                           
   414                           
   415                           ;Lab1.c: 54:     OSCCON = 0b110;
   416  073B  3006               	movlw	6
   417  073C  1683               	bsf	3,5	;RP0=1, select bank1
   418  073D  1303               	bcf	3,6	;RP1=0, select bank1
   419  073E  008F               	movwf	15	;volatile
   420  073F                     l892:	
   421                           
   422                           ;Lab1.c: 55:     TRISC = 0;
   423  073F  0187               	clrf	7	;volatile
   424  0740                     l894:	
   425                           
   426                           ;Lab1.c: 56:     TRISDbits.TRISD0 = 0;
   427  0740  1008               	bcf	8,0	;volatile
   428  0741                     l896:	
   429                           
   430                           ;Lab1.c: 57:     TRISDbits.TRISD2 = 0;
   431  0741  1108               	bcf	8,2	;volatile
   432  0742                     l898:	
   433                           
   434                           ;Lab1.c: 58:     TRISDbits.TRISD3 = 0;
   435  0742  1188               	bcf	8,3	;volatile
   436  0743                     l900:	
   437                           
   438                           ;Lab1.c: 59:     TRISDbits.TRISD4 = 0;
   439  0743  1208               	bcf	8,4	;volatile
   440  0744                     l902:	
   441                           
   442                           ;Lab1.c: 60:     TRISDbits.TRISD7 = 0;
   443  0744  1388               	bcf	8,7	;volatile
   444  0745                     l904:	
   445                           
   446                           ;Lab1.c: 61:     TRISA = 0;
   447  0745  0185               	clrf	5	;volatile
   448  0746                     l906:	
   449                           
   450                           ;Lab1.c: 62:     TRISEbits.TRISE1 = 1;
   451  0746  1489               	bsf	9,1	;volatile
   452  0747                     l908:	
   453                           
   454                           ;Lab1.c: 63:     TRISEbits.TRISE2 = 1;
   455  0747  1509               	bsf	9,2	;volatile
   456  0748                     l910:	
   457                           
   458                           ;Lab1.c: 64:     TRISEbits.TRISE3 = 1;
   459  0748  1589               	bsf	9,3	;volatile
   460  0749                     l912:	
   461                           
   462                           ;Lab1.c: 65:     TRISB = 0;
   463  0749  0186               	clrf	6	;volatile
   464  074A                     l914:	
   465                           
   466                           ;Lab1.c: 66:     ANSELH = 0;
   467  074A  1683               	bsf	3,5	;RP0=1, select bank3
   468  074B  1703               	bsf	3,6	;RP1=1, select bank3
   469  074C  0189               	clrf	9	;volatile
   470  074D                     l916:	
   471                           
   472                           ;Lab1.c: 67:     ANSEL = 0;
   473  074D  0188               	clrf	8	;volatile
   474  074E                     l918:	
   475                           
   476                           ;Lab1.c: 70:         PORTC = 0;
   477  074E  1283               	bcf	3,5	;RP0=0, select bank0
   478  074F  1303               	bcf	3,6	;RP1=0, select bank0
   479  0750  0187               	clrf	7	;volatile
   480  0751                     l920:	
   481                           
   482                           ;Lab1.c: 71:         PORTA = 0;
   483  0751  0185               	clrf	5	;volatile
   484  0752                     l922:	
   485                           
   486                           ;Lab1.c: 72:         PORTB = 0;
   487  0752  0186               	clrf	6	;volatile
   488  0753                     l924:	
   489                           
   490                           ;Lab1.c: 73:         PORTDbits.RD0 = 0;
   491  0753  1008               	bcf	8,0	;volatile
   492  0754                     l926:	
   493                           
   494                           ;Lab1.c: 74:         PORTDbits.RD2 = 0;
   495  0754  1108               	bcf	8,2	;volatile
   496  0755                     l928:	
   497                           
   498                           ;Lab1.c: 75:         PORTDbits.RD3 = 0;
   499  0755  1188               	bcf	8,3	;volatile
   500  0756                     l930:	
   501                           
   502                           ;Lab1.c: 76:         PORTDbits.RD4 = 0;
   503  0756  1208               	bcf	8,4	;volatile
   504  0757                     l932:	
   505                           
   506                           ;Lab1.c: 77:         PORTDbits.RD7 = 0;
   507  0757  1388               	bcf	8,7	;volatile
   508  0758                     l934:	
   509                           
   510                           ;Lab1.c: 78:         if (PORTEbits.RE3 == 1){
   511  0758  1D89               	btfss	9,3	;volatile
   512  0759  2F5B               	goto	u241
   513  075A  2F5C               	goto	u240
   514  075B                     u241:	
   515  075B  2F5E               	goto	l54
   516  075C                     u240:	
   517  075C                     l936:	
   518                           
   519                           ;Lab1.c: 79:             Estado = 1;
   520  075C  01F9               	clrf	_Estado
   521  075D  0AF9               	incf	_Estado,f
   522  075E                     l54:	
   523                           ;Lab1.c: 80:         }
   524                           
   525                           
   526                           ;Lab1.c: 81:         if (PORTEbits.RE3 == 0 && Estado == 1){
   527  075E  1989               	btfsc	9,3	;volatile
   528  075F  2F61               	goto	u251
   529  0760  2F62               	goto	u250
   530  0761                     u251:	
   531  0761  2F4E               	goto	l918
   532  0762                     u250:	
   533  0762                     l938:	
   534  0762  0379               	decf	_Estado,w
   535  0763  1D03               	btfss	3,2
   536  0764  2F66               	goto	u261
   537  0765  2F67               	goto	u260
   538  0766                     u261:	
   539  0766  2F4E               	goto	l918
   540  0767                     u260:	
   541  0767                     l940:	
   542                           
   543                           ;Lab1.c: 82:             PORTC = SEGMENTOS[i];
   544  0767  0874               	movf	_i,w
   545  0768  3E70               	addlw	(low (_SEGMENTOS| 0))& (0+255)
   546  0769  0084               	movwf	4
   547  076A  0800               	movf	0,w
   548  076B  0087               	movwf	7	;volatile
   549  076C                     l942:	
   550                           
   551                           ;Lab1.c: 83:             PORTDbits.RD2 = 1;
   552  076C  1508               	bsf	8,2	;volatile
   553  076D                     l944:	
   554                           
   555                           ;Lab1.c: 84:             PORTDbits.RD3 = 0;
   556  076D  1188               	bcf	8,3	;volatile
   557  076E                     l946:	
   558                           
   559                           ;Lab1.c: 85:             PORTDbits.RD4 = 0;
   560  076E  1208               	bcf	8,4	;volatile
   561  076F                     l948:	
   562                           
   563                           ;Lab1.c: 86:             _delay((unsigned long)((5)*(4000000/4000.0)));
   564  076F  3007               	movlw	7
   565  0770  00FC               	movwf	??_main+1
   566  0771  307D               	movlw	125
   567  0772  00FB               	movwf	??_main
   568  0773                     u277:	
   569  0773  0BFB               	decfsz	??_main,f
   570  0774  2F73               	goto	u277
   571  0775  0BFC               	decfsz	??_main+1,f
   572  0776  2F73               	goto	u277
   573  0777                     l950:	
   574                           
   575                           ;Lab1.c: 87:             i = i-1;
   576  0777  0874               	movf	_i,w
   577  0778  3EFF               	addlw	255
   578  0779  00FB               	movwf	??_main
   579  077A  087B               	movf	??_main,w
   580  077B  00F4               	movwf	_i
   581  077C                     l952:	
   582                           
   583                           ;Lab1.c: 88:             PORTC = SEGMENTOS[i];
   584  077C  0874               	movf	_i,w
   585  077D  3E70               	addlw	(low (_SEGMENTOS| 0))& (0+255)
   586  077E  0084               	movwf	4
   587  077F  0800               	movf	0,w
   588  0780  1283               	bcf	3,5	;RP0=0, select bank0
   589  0781  1303               	bcf	3,6	;RP1=0, select bank0
   590  0782  0087               	movwf	7	;volatile
   591  0783                     l954:	
   592                           
   593                           ;Lab1.c: 89:             PORTDbits.RD2 = 0;
   594  0783  1108               	bcf	8,2	;volatile
   595  0784                     l956:	
   596                           
   597                           ;Lab1.c: 90:             PORTDbits.RD3 = 1;
   598  0784  1588               	bsf	8,3	;volatile
   599  0785                     l958:	
   600                           
   601                           ;Lab1.c: 91:             PORTDbits.RD4 = 0;
   602  0785  1208               	bcf	8,4	;volatile
   603  0786                     l960:	
   604                           
   605                           ;Lab1.c: 92:             _delay((unsigned long)((5)*(4000000/4000.0)));
   606  0786  3007               	movlw	7
   607  0787  00FC               	movwf	??_main+1
   608  0788  307D               	movlw	125
   609  0789  00FB               	movwf	??_main
   610  078A                     u287:	
   611  078A  0BFB               	decfsz	??_main,f
   612  078B  2F8A               	goto	u287
   613  078C  0BFC               	decfsz	??_main+1,f
   614  078D  2F8A               	goto	u287
   615                           
   616                           ;Lab1.c: 93:             i = i-1;
   617  078E  0874               	movf	_i,w
   618  078F  3EFF               	addlw	255
   619  0790  00FB               	movwf	??_main
   620  0791  087B               	movf	??_main,w
   621  0792  00F4               	movwf	_i
   622  0793                     l962:	
   623                           
   624                           ;Lab1.c: 94:             PORTC = SEGMENTOS[i];
   625  0793  0874               	movf	_i,w
   626  0794  3E70               	addlw	(low (_SEGMENTOS| 0))& (0+255)
   627  0795  0084               	movwf	4
   628  0796  0800               	movf	0,w
   629  0797  1283               	bcf	3,5	;RP0=0, select bank0
   630  0798  1303               	bcf	3,6	;RP1=0, select bank0
   631  0799  0087               	movwf	7	;volatile
   632  079A                     l964:	
   633                           
   634                           ;Lab1.c: 95:             PORTDbits.RD2 = 0;
   635  079A  1108               	bcf	8,2	;volatile
   636  079B                     l966:	
   637                           
   638                           ;Lab1.c: 96:             PORTDbits.RD3 = 0;
   639  079B  1188               	bcf	8,3	;volatile
   640  079C                     l968:	
   641                           
   642                           ;Lab1.c: 97:             PORTDbits.RD4 = 1;
   643  079C  1608               	bsf	8,4	;volatile
   644  079D                     l970:	
   645                           
   646                           ;Lab1.c: 98:             _delay((unsigned long)((5)*(4000000/4000.0)));
   647  079D  3007               	movlw	7
   648  079E  00FC               	movwf	??_main+1
   649  079F  307D               	movlw	125
   650  07A0  00FB               	movwf	??_main
   651  07A1                     u297:	
   652  07A1  0BFB               	decfsz	??_main,f
   653  07A2  2FA1               	goto	u297
   654  07A3  0BFC               	decfsz	??_main+1,f
   655  07A4  2FA1               	goto	u297
   656  07A5                     l972:	
   657                           
   658                           ;Lab1.c: 99:             i = i-1;
   659  07A5  0874               	movf	_i,w
   660  07A6  3EFF               	addlw	255
   661  07A7  00FB               	movwf	??_main
   662  07A8  087B               	movf	??_main,w
   663  07A9  00F4               	movwf	_i
   664  07AA                     l974:	
   665                           
   666                           ;Lab1.c: 100:             PORTC = SEGMENTOS[i];
   667  07AA  0874               	movf	_i,w
   668  07AB  3E70               	addlw	(low (_SEGMENTOS| 0))& (0+255)
   669  07AC  0084               	movwf	4
   670  07AD  0800               	movf	0,w
   671  07AE  1283               	bcf	3,5	;RP0=0, select bank0
   672  07AF  1303               	bcf	3,6	;RP1=0, select bank0
   673  07B0  0087               	movwf	7	;volatile
   674  07B1                     l976:	
   675                           
   676                           ;Lab1.c: 101:             PORTDbits.RD2 = 1;
   677  07B1  1508               	bsf	8,2	;volatile
   678  07B2                     l978:	
   679                           
   680                           ;Lab1.c: 102:             PORTDbits.RD3 = 1;
   681  07B2  1588               	bsf	8,3	;volatile
   682  07B3                     l980:	
   683                           
   684                           ;Lab1.c: 103:             PORTDbits.RD4 = 1;
   685  07B3  1608               	bsf	8,4	;volatile
   686  07B4                     l982:	
   687                           
   688                           ;Lab1.c: 104:             Estado = 0;
   689  07B4  01F9               	clrf	_Estado
   690  07B5                     l984:	
   691                           
   692                           ;Lab1.c: 105:             _delay((unsigned long)((5)*(4000000/4000.0)));
   693  07B5  3007               	movlw	7
   694  07B6  00FC               	movwf	??_main+1
   695  07B7  307D               	movlw	125
   696  07B8  00FB               	movwf	??_main
   697  07B9                     u307:	
   698  07B9  0BFB               	decfsz	??_main,f
   699  07BA  2FB9               	goto	u307
   700  07BB  0BFC               	decfsz	??_main+1,f
   701  07BC  2FB9               	goto	u307
   702  07BD                     l986:	
   703                           
   704                           ;Lab1.c: 106:             JUEGO();
   705  07BD  120A  118A  26CF  120A  118A  	fcall	_JUEGO
   706  07C2  2F4E               	goto	l918
   707  07C3  120A  118A  2800   	ljmp	start
   708  07C6                     __end_of_main:	
   709                           
   710                           	psect	text1
   711  06CF                     __ptext1:	
   712 ;; *************** function _JUEGO *****************
   713 ;; Defined at:
   714 ;;		line 113 in file "Lab1.c"
   715 ;; Parameters:    Size  Location     Type
   716 ;;		None
   717 ;; Auto vars:     Size  Location     Type
   718 ;;		None
   719 ;; Return value:  Size  Location     Type
   720 ;;                  1    wreg      void 
   721 ;; Registers used:
   722 ;;		wreg, fsr0l, fsr0h, status,2, status,0
   723 ;; Tracked objects:
   724 ;;		On entry : 0/0
   725 ;;		On exit  : 0/0
   726 ;;		Unchanged: 0/0
   727 ;; Data sizes:     COMMON   BANK0   BANK1   BANK3   BANK2
   728 ;;      Params:         0       0       0       0       0
   729 ;;      Locals:         0       0       0       0       0
   730 ;;      Temps:          1       0       0       0       0
   731 ;;      Totals:         1       0       0       0       0
   732 ;;Total ram usage:        1 bytes
   733 ;; Hardware stack levels used:    1
   734 ;; This function calls:
   735 ;;		Nothing
   736 ;; This function is called by:
   737 ;;		_main
   738 ;; This function uses a non-reentrant model
   739 ;;
   740                           
   741                           
   742                           ;psect for function _JUEGO
   743  06CF                     _JUEGO:	
   744  06CF                     l61:	
   745                           ;incstack = 0
   746                           ; Regs used in _JUEGO: [wreg-fsr0h+status,2+status,0]
   747                           ;Lab1.c: 114:     while(1){
   748                           
   749                           
   750                           ;Lab1.c: 115:         if (PORTEbits.RE1 == 1){
   751  06CF  1283               	bcf	3,5	;RP0=0, select bank0
   752  06D0  1303               	bcf	3,6	;RP1=0, select bank0
   753  06D1  1C89               	btfss	9,1	;volatile
   754  06D2  2ED4               	goto	u141
   755  06D3  2ED5               	goto	u140
   756  06D4                     u141:	
   757  06D4  2ED7               	goto	l62
   758  06D5                     u140:	
   759  06D5                     l826:	
   760                           
   761                           ;Lab1.c: 116:                 EJ1 = 1;
   762  06D5  01F8               	clrf	_EJ1
   763  06D6  0AF8               	incf	_EJ1,f
   764  06D7                     l62:	
   765                           ;Lab1.c: 117:             }
   766                           
   767                           
   768                           ;Lab1.c: 118:         if (PORTEbits.RE1 == 0 && EJ1 == 1){
   769  06D7  1889               	btfsc	9,1	;volatile
   770  06D8  2EDA               	goto	u151
   771  06D9  2EDB               	goto	u150
   772  06DA                     u151:	
   773  06DA  2EEC               	goto	l836
   774  06DB                     u150:	
   775  06DB                     l828:	
   776  06DB  0378               	decf	_EJ1,w
   777  06DC  1D03               	btfss	3,2
   778  06DD  2EDF               	goto	u161
   779  06DE  2EE0               	goto	u160
   780  06DF                     u161:	
   781  06DF  2EEC               	goto	l836
   782  06E0                     u160:	
   783  06E0                     l830:	
   784                           
   785                           ;Lab1.c: 119:             x=x+1;
   786  06E0  0877               	movf	_x,w
   787  06E1  3E01               	addlw	1
   788  06E2  00FA               	movwf	??_JUEGO
   789  06E3  087A               	movf	??_JUEGO,w
   790  06E4  00F7               	movwf	_x
   791  06E5                     l832:	
   792                           
   793                           ;Lab1.c: 120:             PORTA = jugador1[x];
   794  06E5  0877               	movf	_x,w
   795  06E6  3E28               	addlw	(low (_jugador1| 0))& (0+255)
   796  06E7  0084               	movwf	4
   797  06E8  1383               	bcf	3,7	;select IRP bank0
   798  06E9  0800               	movf	0,w
   799  06EA  0085               	movwf	5	;volatile
   800  06EB                     l834:	
   801                           
   802                           ;Lab1.c: 121:             EJ1 = 0;
   803  06EB  01F8               	clrf	_EJ1
   804  06EC                     l836:	
   805                           
   806                           ;Lab1.c: 123:         if (x==8){
   807  06EC  3008               	movlw	8
   808  06ED  0677               	xorwf	_x,w
   809  06EE  1D03               	btfss	3,2
   810  06EF  2EF1               	goto	u171
   811  06F0  2EF2               	goto	u170
   812  06F1                     u171:	
   813  06F1  2EF5               	goto	l842
   814  06F2                     u170:	
   815  06F2                     l838:	
   816                           
   817                           ;Lab1.c: 124:             PORTA = 0;
   818  06F2  0185               	clrf	5	;volatile
   819  06F3                     l840:	
   820                           
   821                           ;Lab1.c: 125:             PORTDbits.RD0 = 1;
   822  06F3  1408               	bsf	8,0	;volatile
   823                           
   824                           ;Lab1.c: 126:             EJ2=0;
   825  06F4  01F5               	clrf	_EJ2
   826  06F5                     l842:	
   827                           
   828                           ;Lab1.c: 128:         if(x==9){
   829  06F5  3009               	movlw	9
   830  06F6  0677               	xorwf	_x,w
   831  06F7  1D03               	btfss	3,2
   832  06F8  2EFA               	goto	u181
   833  06F9  2EFB               	goto	u180
   834  06FA                     u181:	
   835  06FA  2F06               	goto	l65
   836  06FB                     u180:	
   837  06FB                     l844:	
   838                           
   839                           ;Lab1.c: 129:             EJ2=0;
   840  06FB  01F5               	clrf	_EJ2
   841                           
   842                           ;Lab1.c: 130:             x=0;
   843  06FC  01F7               	clrf	_x
   844  06FD                     l846:	
   845                           
   846                           ;Lab1.c: 131:             i=3;
   847  06FD  3003               	movlw	3
   848  06FE  00FA               	movwf	??_JUEGO
   849  06FF  087A               	movf	??_JUEGO,w
   850  0700  00F4               	movwf	_i
   851  0701                     l848:	
   852                           
   853                           ;Lab1.c: 132:             PORTDbits.RD2 = 0;
   854  0701  1108               	bcf	8,2	;volatile
   855  0702                     l850:	
   856                           
   857                           ;Lab1.c: 133:             PORTDbits.RD3 = 0;
   858  0702  1188               	bcf	8,3	;volatile
   859  0703                     l852:	
   860                           
   861                           ;Lab1.c: 134:             PORTDbits.RD4 = 0;
   862  0703  1208               	bcf	8,4	;volatile
   863  0704                     l854:	
   864                           
   865                           ;Lab1.c: 135:             PORTDbits.RD0 = 0;
   866  0704  1008               	bcf	8,0	;volatile
   867  0705  2F3A               	goto	l66
   868  0706                     l65:	
   869                           ;Lab1.c: 137:         }
   870                           
   871                           
   872                           ;Lab1.c: 138:         if (PORTEbits.RE2 == 1){
   873  0706  1D09               	btfss	9,2	;volatile
   874  0707  2F09               	goto	u191
   875  0708  2F0A               	goto	u190
   876  0709                     u191:	
   877  0709  2F0C               	goto	l67
   878  070A                     u190:	
   879  070A                     l858:	
   880                           
   881                           ;Lab1.c: 139:             EJ2 = 1;
   882  070A  01F5               	clrf	_EJ2
   883  070B  0AF5               	incf	_EJ2,f
   884  070C                     l67:	
   885                           ;Lab1.c: 140:         }
   886                           
   887                           
   888                           ;Lab1.c: 141:         if (PORTEbits.RE2 == 0 && EJ2 == 1){
   889  070C  1909               	btfsc	9,2	;volatile
   890  070D  2F0F               	goto	u201
   891  070E  2F10               	goto	u200
   892  070F                     u201:	
   893  070F  2F21               	goto	l868
   894  0710                     u200:	
   895  0710                     l860:	
   896  0710  0375               	decf	_EJ2,w
   897  0711  1D03               	btfss	3,2
   898  0712  2F14               	goto	u211
   899  0713  2F15               	goto	u210
   900  0714                     u211:	
   901  0714  2F21               	goto	l868
   902  0715                     u210:	
   903  0715                     l862:	
   904                           
   905                           ;Lab1.c: 142:             y=y+1;
   906  0715  0876               	movf	_y,w
   907  0716  3E01               	addlw	1
   908  0717  00FA               	movwf	??_JUEGO
   909  0718  087A               	movf	??_JUEGO,w
   910  0719  00F6               	movwf	_y
   911  071A                     l864:	
   912                           
   913                           ;Lab1.c: 143:             PORTB = jugador2[y];
   914  071A  0876               	movf	_y,w
   915  071B  3E20               	addlw	(low (_jugador2| 0))& (0+255)
   916  071C  0084               	movwf	4
   917  071D  1383               	bcf	3,7	;select IRP bank0
   918  071E  0800               	movf	0,w
   919  071F  0086               	movwf	6	;volatile
   920  0720                     l866:	
   921                           
   922                           ;Lab1.c: 144:             EJ2 = 0;
   923  0720  01F5               	clrf	_EJ2
   924  0721                     l868:	
   925                           
   926                           ;Lab1.c: 146:         if (y==8){
   927  0721  3008               	movlw	8
   928  0722  0676               	xorwf	_y,w
   929  0723  1D03               	btfss	3,2
   930  0724  2F26               	goto	u221
   931  0725  2F27               	goto	u220
   932  0726                     u221:	
   933  0726  2F2A               	goto	l874
   934  0727                     u220:	
   935  0727                     l870:	
   936                           
   937                           ;Lab1.c: 147:             PORTB = 0;
   938  0727  0186               	clrf	6	;volatile
   939  0728                     l872:	
   940                           
   941                           ;Lab1.c: 148:             PORTDbits.RD7 = 1;
   942  0728  1788               	bsf	8,7	;volatile
   943                           
   944                           ;Lab1.c: 149:             EJ1=0;
   945  0729  01F8               	clrf	_EJ1
   946  072A                     l874:	
   947                           
   948                           ;Lab1.c: 151:         if(y==9){
   949  072A  3009               	movlw	9
   950  072B  0676               	xorwf	_y,w
   951  072C  1D03               	btfss	3,2
   952  072D  2F2F               	goto	u231
   953  072E  2F30               	goto	u230
   954  072F                     u231:	
   955  072F  2ECF               	goto	l61
   956  0730                     u230:	
   957  0730                     l876:	
   958                           
   959                           ;Lab1.c: 152:             EJ1=0;
   960  0730  01F8               	clrf	_EJ1
   961                           
   962                           ;Lab1.c: 153:             y=0;
   963  0731  01F6               	clrf	_y
   964  0732                     l878:	
   965                           
   966                           ;Lab1.c: 154:             i=3;
   967  0732  3003               	movlw	3
   968  0733  00FA               	movwf	??_JUEGO
   969  0734  087A               	movf	??_JUEGO,w
   970  0735  00F4               	movwf	_i
   971  0736                     l880:	
   972                           
   973                           ;Lab1.c: 155:             PORTDbits.RD2 = 0;
   974  0736  1108               	bcf	8,2	;volatile
   975  0737                     l882:	
   976                           
   977                           ;Lab1.c: 156:             PORTDbits.RD3 = 0;
   978  0737  1188               	bcf	8,3	;volatile
   979  0738                     l884:	
   980                           
   981                           ;Lab1.c: 157:             PORTDbits.RD4 = 0;
   982  0738  1208               	bcf	8,4	;volatile
   983  0739                     l886:	
   984                           
   985                           ;Lab1.c: 158:             PORTDbits.RD7 = 0;
   986  0739  1388               	bcf	8,7	;volatile
   987  073A                     l66:	
   988  073A  0008               	return
   989  073B                     __end_of_JUEGO:	
   990  007E                     btemp	set	126	;btemp
   991  007E                     wtemp0	set	126


Data Sizes:
    Strings     0
    Constant    0
    Data        22
    BSS         4
    Persistent  0
    Stack       0

Auto Spaces:
    Space          Size  Autos    Used
    COMMON           14      3      13
    BANK0            80      0      16
    BANK1            80      0       0
    BANK3            96      0       0
    BANK2            96      0       0

Pointer List with Targets:

    None.

Critical Paths under _main in COMMON

    _main->_JUEGO

Critical Paths under _main in BANK0

    None.

Critical Paths under _main in BANK1

    None.

Critical Paths under _main in BANK3

    None.

Critical Paths under _main in BANK2

    None.

Call Graph Tables:

 ---------------------------------------------------------------------------------
 (Depth) Function   	        Calls       Base Space   Used Autos Params    Refs
 ---------------------------------------------------------------------------------
 (0) _main                                                 2     2      0       0
                                              1 COMMON     2     2      0
                              _JUEGO
 ---------------------------------------------------------------------------------
 (1) _JUEGO                                                1     1      0       0
                                              0 COMMON     1     1      0
 ---------------------------------------------------------------------------------
 Estimated maximum stack depth 1
 ---------------------------------------------------------------------------------

 Call Graph Graphs:

 _main (ROOT)
   _JUEGO

 Address spaces:
Name               Size   Autos  Total    Cost      Usage
BANK3               60      0       0       9        0.0%
BITBANK3            60      0       0       8        0.0%
SFR3                 0      0       0       4        0.0%
BITSFR3              0      0       0       4        0.0%
BANK2               60      0       0      11        0.0%
BITBANK2            60      0       0      10        0.0%
SFR2                 0      0       0       5        0.0%
BITSFR2              0      0       0       5        0.0%
BANK1               50      0       0       7        0.0%
BITBANK1            50      0       0       6        0.0%
SFR1                 0      0       0       2        0.0%
BITSFR1              0      0       0       2        0.0%
BANK0               50      0      10       5       20.0%
BITBANK0            50      0       0       4        0.0%
SFR0                 0      0       0       1        0.0%
BITSFR0              0      0       0       1        0.0%
COMMON               E      3       D       1       92.9%
BITCOMMON            E      0       0       0        0.0%
CODE                 0      0       0       0        0.0%
DATA                 0      0      1D      12        0.0%
ABS                  0      0      1D       3        0.0%
NULL                 0      0       0       0        0.0%
STACK                0      0       0       2        0.0%
EEDATA             100      0       0       0        0.0%


Microchip Technology PIC Macro Assembler V2.10 build 88905656 
Symbol Table                                                                                   Sun Jan 26 01:21:39 2020

                       _i 0074                         _x 0077                         _y 0076  
                       pc 0002               __CFG_CP$OFF 0000                        l61 06CF  
                      l62 06D7                        l54 075E                        l65 0706  
                      l66 073A                        l67 070C                        fsr 0004  
                     _EJ1 0078                       _EJ2 0075                       l900 0743  
                     l830 06E0                       l910 0748                       l902 0744  
                     l840 06F3                       l832 06E5                       l920 0751  
                     l912 0749                       l904 0745                       l850 0702  
                     l842 06F5                       l834 06EB                       l826 06D5  
                     l930 0756                       l922 0752                       l914 074A  
                     l906 0746                       l860 0710                       l852 0703  
                     l844 06FB                       l828 06DB                       l836 06EC  
                     l940 0767                       l932 0757                       l924 0753  
                     l916 074D                       l908 0747                       l870 0727  
                     l862 0715                       l854 0704                       l846 06FD  
                     l838 06F2                       l950 0777                       l942 076C  
                     l934 0758                       l926 0754                       l918 074E  
                     l880 0736                       l872 0728                       l864 071A  
                     l848 0701                       l960 0786                       l952 077C  
                     l944 076D                       l936 075C                       l928 0755  
                     l882 0737                       l874 072A                       l866 0720  
                     l858 070A                       l970 079D                       l962 0793  
                     l954 0783                       l946 076E                       l938 0762  
                     l890 073B                       l884 0738                       l876 0730  
                     l868 0721                       l980 07B3                       l972 07A5  
                     l964 079A                       l956 0784                       l948 076F  
                     l892 073F                       l886 0739                       l878 0732  
                     l982 07B4                       l974 07AA                       l966 079B  
                     l958 0785                       l894 0740                       l984 07B5  
                     l976 07B1                       l968 079C                       l896 0741  
                     l986 07BD                       l978 07B2                       l898 0742  
                     u200 0710                       u201 070F                       u210 0715  
                     u211 0714                       u220 0727                       u140 06D5  
                     u221 0726                       u141 06D4                       u230 0730  
                     u150 06DB                       u231 072F                       u151 06DA  
                     u160 06E0                       u240 075C                       u161 06DF  
                     u241 075B                       u170 06F2                       u250 0762  
                     u171 06F1                       u307 07B9                       u251 0761  
                     u180 06FB                       u260 0767                       u181 06FA  
                     u261 0766                       u190 070A                       u191 0709  
            __CFG_CPD$OFF 0000                       u277 0773                       u287 078A  
                     u297 07A1                       fsr0 0004                       indf 0000  
            __CFG_LVP$OFF 0000              __CFG_WRT$OFF 0000                      _main 073B  
                    btemp 007E                      start 0000             __CFG_IESO$OFF 0000  
                   ?_main 007A             __CFG_WDTE$OFF 0000                     _ANSEL 0188  
                   _JUEGO 06CF                     _PORTA 0005                     _PORTB 0006  
                   _PORTC 0007                     _TRISA 0085                     _TRISB 0086  
                   _TRISC 0087            __CFG_FCMEN$OFF 0000            __CFG_BOREN$OFF 0000  
                   pclath 000A                     status 0003                     wtemp0 007E  
          __CFG_MCLRE$OFF 0000           __initialization 07C6              __end_of_main 07C6  
                  ??_main 007B                    ?_JUEGO 007A                    _ANSELH 0189  
                  _OSCCON 008F            __CFG_PWRTE$OFF 0000                    _Estado 0079  
            __pdataCOMMON 0070   __end_of__initialization 07FC             __end_of_JUEGO 073B  
          __pcstackCOMMON 007A              __pidataBANK0 06AC                   ??_JUEGO 007A  
              __pmaintext 073B                   __ptext1 06CF      end_of_initialization 07FC  
               _SEGMENTOS 0070                 _PORTDbits 0008                 _PORTEbits 0009  
               _TRISDbits 0088                 _TRISEbits 0089             __pidataCOMMON 06A6  
     start_initialization 07C6  __CFG_FOSC$INTRC_NOCLKOUT 0000                init_fetch0 06BC  
             __pdataBANK0 0020               __pbssCOMMON 0076                 ___latbits 0002  
          __size_of_JUEGO 006C         __CFG_BOR4V$BOR40V 0000             __size_of_main 008B  
                _jugador1 0028                  _jugador2 0020                  init_ram0 06C0  
